2023-10-03 08:46:07,905 INFO o.h.v.i.u.Version [background-preinit] HV000001: Hibernate Validator 8.0.1.Final
2023-10-03 08:46:07,959 INFO o.s.b.StartupInfoLogger [main] Starting Application using Java 21 with PID 76936 (D:\Sri Hari\Eclipse\SimpleAspire\target\classes started by sambh in D:\Sri Hari\Eclipse\SimpleAspire)
2023-10-03 08:46:07,964 DEBUG o.s.b.StartupInfoLogger [main] Running with Spring Boot v3.1.4, Spring v6.0.12
2023-10-03 08:46:07,966 INFO o.s.b.SpringApplication [main] No active profile set, falling back to 1 default profile: "default"
2023-10-03 08:46:08,701 INFO o.s.d.r.c.RepositoryConfigurationDelegate [main] Bootstrapping Spring Data JPA repositories in DEFAULT mode.
2023-10-03 08:46:08,770 INFO o.s.d.r.c.RepositoryConfigurationDelegate [main] Finished Spring Data repository scanning in 59 ms. Found 2 JPA repository interfaces.
2023-10-03 08:46:09,383 INFO o.s.b.w.e.t.TomcatWebServer [main] Tomcat initialized with port(s): 8080 (http)
2023-10-03 08:46:09,399 INFO o.a.j.l.DirectJDKLog [main] Initializing ProtocolHandler ["http-nio-8080"]
2023-10-03 08:46:09,400 INFO o.a.j.l.DirectJDKLog [main] Starting service [Tomcat]
2023-10-03 08:46:09,400 INFO o.a.j.l.DirectJDKLog [main] Starting Servlet engine: [Apache Tomcat/10.1.13]
2023-10-03 08:46:09,504 INFO o.a.j.l.DirectJDKLog [main] Initializing Spring embedded WebApplicationContext
2023-10-03 08:46:09,504 INFO o.s.b.w.s.c.ServletWebServerApplicationContext [main] Root WebApplicationContext: initialization completed in 1484 ms
2023-10-03 08:46:09,554 INFO c.z.h.HikariDataSource [main] HikariPool-1 - Starting...
2023-10-03 08:46:09,807 INFO c.z.h.p.HikariPool [main] HikariPool-1 - Added connection conn0: url=jdbc:h2:file:~/aspireapp-h2-db user=SA
2023-10-03 08:46:09,810 INFO c.z.h.HikariDataSource [main] HikariPool-1 - Start completed.
2023-10-03 08:46:09,812 INFO o.s.b.a.h.H2ConsoleAutoConfiguration [main] H2 console available at '/h2-console'. Database available at 'jdbc:h2:file:~/aspireapp-h2-db'
2023-10-03 08:46:09,931 INFO o.h.j.i.u.LogHelper [main] HHH000204: Processing PersistenceUnitInfo [name: default]
2023-10-03 08:46:10,003 INFO o.h.Version [main] HHH000412: Hibernate ORM core version 6.2.9.Final
2023-10-03 08:46:10,007 INFO o.h.c.Environment [main] HHH000406: Using bytecode reflection optimizer
2023-10-03 08:46:10,154 INFO o.h.b.i.BytecodeProviderInitiator [main] HHH000021: Bytecode provider name : bytebuddy
2023-10-03 08:46:10,294 INFO o.s.o.j.p.SpringPersistenceUnitInfo [main] No LoadTimeWeaver setup: ignoring JPA class transformer
2023-10-03 08:46:10,567 INFO o.h.b.i.BytecodeProviderInitiator [main] HHH000021: Bytecode provider name : bytebuddy
2023-10-03 08:46:11,339 INFO o.h.e.t.j.p.i.JtaPlatformInitiator [main] HHH000490: Using JtaPlatform implementation: [org.hibernate.engine.transaction.jta.platform.internal.NoJtaPlatform]
2023-10-03 08:46:11,395 INFO o.s.o.j.AbstractEntityManagerFactoryBean [main] Initialized JPA EntityManagerFactory for persistence unit 'default'
2023-10-03 08:46:11,765 DEBUG o.s.w.f.GenericFilterBean [main] Filter 'authenticationJwtTokenFilter' configured for use
2023-10-03 08:46:11,967 WARN o.s.b.a.o.j.JpaBaseConfiguration$JpaWebConfiguration [main] spring.jpa.open-in-view is enabled by default. Therefore, database queries may be performed during view rendering. Explicitly configure spring.jpa.open-in-view to disable this warning
2023-10-03 08:46:12,073 INFO o.s.s.w.DefaultSecurityFilterChain [main] Will secure any request with [org.springframework.security.web.session.DisableEncodeUrlFilter@c040c8d, org.springframework.security.web.context.request.async.WebAsyncManagerIntegrationFilter@3453f79c, org.springframework.security.web.context.SecurityContextHolderFilter@29b2a94c, org.springframework.security.web.header.HeaderWriterFilter@4131f6db, org.springframework.security.web.authentication.logout.LogoutFilter@2ac0cb64, com.shparimi.aspireapp.security.AuthTokenFilter@304704ae, org.springframework.security.web.savedrequest.RequestCacheAwareFilter@38d9c9c4, org.springframework.security.web.servletapi.SecurityContextHolderAwareRequestFilter@3687b83c, org.springframework.security.web.authentication.AnonymousAuthenticationFilter@6f627a1a, org.springframework.security.web.session.SessionManagementFilter@615b1baf, org.springframework.security.web.access.ExceptionTranslationFilter@13da6bc9, org.springframework.security.web.access.intercept.AuthorizationFilter@5c7b504]
2023-10-03 08:46:12,446 INFO o.a.j.l.DirectJDKLog [main] Starting ProtocolHandler ["http-nio-8080"]
2023-10-03 08:46:12,478 INFO o.s.b.w.e.t.TomcatWebServer [main] Tomcat started on port(s): 8080 (http) with context path '/aspireapp'
2023-10-03 08:46:12,486 INFO o.s.b.StartupInfoLogger [main] Started Application in 4.88 seconds (process running for 5.9)
2023-10-03 08:46:15,381 INFO o.s.o.j.AbstractEntityManagerFactoryBean [SpringApplicationShutdownHook] Closing JPA EntityManagerFactory for persistence unit 'default'
2023-10-03 08:46:15,381 INFO c.z.h.HikariDataSource [SpringApplicationShutdownHook] HikariPool-1 - Shutdown initiated...
2023-10-03 08:46:15,381 INFO c.z.h.HikariDataSource [SpringApplicationShutdownHook] HikariPool-1 - Shutdown completed.
